{"sessionId": "a86d8d", "timestamp": 1780336740125, "location": "jobs/service.py:reconcile_orphaned_jobs", "message": "orphan job reconciliation", "data": {"job_type": "reccobeats_enrichment", "reconciled": []}, "hypothesisId": "H1", "runId": "pre-fix"}
{"sessionId": "a86d8d", "timestamp": 1780336740137, "location": "features/enrichment.py:assert_no_running_job", "message": "running job gate check", "data": {"reconciled": [], "blocking": null, "active_in_memory": false}, "hypothesisId": "H1-H3", "runId": "pre-fix"}
{"sessionId": "a86d8d", "timestamp": 1780336740168, "location": "features/enrichment.py:run_enrichment", "message": "enrichment http batch config", "data": {"job_id": "e3e470d3657545138281729456604ff9", "http_chunk_size": 40, "work_count": 4, "pause_every_n_tracks": 50}, "hypothesisId": "H-batch", "runId": "pre-fix"}
{"sessionId": "a86d8d", "timestamp": 1780336740172, "location": "features/enrichment.py:batch_chunk", "message": "processing http chunk", "data": {"job_id": "e3e470d3657545138281729456604ff9", "chunk_size": 4}, "hypothesisId": "H-batch", "runId": "pre-fix"}
{"sessionId": "a86d8d", "timestamp": 1780336740582, "location": "reccobeats/client.py:_request", "message": "reccobeats http response", "data": {"method": "GET", "path": "/v1/audio-features", "status": 200, "id_count": 4, "attempt": 0}, "hypothesisId": "H-batch", "runId": "pre-fix"}
{"sessionId": "a86d8d", "timestamp": 1780336744022, "location": "jobs/service.py:reconcile_orphaned_jobs", "message": "orphan job reconciliation", "data": {"job_type": "reccobeats_enrichment", "reconciled": ["stuck_job"]}, "hypothesisId": "H1", "runId": "pre-fix"}
{"sessionId": "a86d8d", "timestamp": 1780336744455, "location": "jobs/service.py:reconcile_orphaned_jobs", "message": "orphan job reconciliation", "data": {"job_type": "reccobeats_enrichment", "reconciled": ["stuck2"]}, "hypothesisId": "H1", "runId": "pre-fix"}
{"sessionId": "a86d8d", "timestamp": 1780336744462, "location": "features/enrichment.py:assert_no_running_job", "message": "running job gate check", "data": {"reconciled": ["stuck2"], "blocking": null, "active_in_memory": false}, "hypothesisId": "H1-H3", "runId": "pre-fix"}
{"sessionId": "a86d8d", "timestamp": 1780336761468, "location": "reccobeats/client.py:_request", "message": "reccobeats http response", "data": {"method": "GET", "path": "/v1/audio-features", "status": 200, "id_count": 2, "attempt": 0}, "hypothesisId": "H-batch", "runId": "pre-fix"}
{"sessionId": "a86d8d", "timestamp": 1780336761496, "location": "reccobeats/client.py:_request", "message": "reccobeats http response", "data": {"method": "GET", "path": "/v1/track", "status": 200, "id_count": 1, "attempt": 0}, "hypothesisId": "H-batch", "runId": "pre-fix"}
{"sessionId": "a86d8d", "timestamp": 1780336761500, "location": "reccobeats/client.py:_request", "message": "reccobeats http response", "data": {"method": "GET", "path": "/v1/track/878dadea-33c5-4c08-bdb9-e2b117475a99/audio-features", "status": 200, "id_count": 0, "attempt": 0}, "hypothesisId": "H-batch", "runId": "pre-fix"}
{"sessionId": "a86d8d", "timestamp": 1780336761508, "location": "reccobeats/client.py:_request", "message": "reccobeats http response", "data": {"method": "GET", "path": "/v1/track", "status": 404, "id_count": 1, "attempt": 0}, "hypothesisId": "H-batch", "runId": "pre-fix"}
{"sessionId": "a86d8d", "timestamp": 1780336761516, "location": "reccobeats/client.py:_request", "message": "reccobeats http response", "data": {"method": "GET", "path": "/v1/track/unknown-id/audio-features", "status": 404, "id_count": 0, "attempt": 0}, "hypothesisId": "H-batch", "runId": "pre-fix"}
{"sessionId": "a86d8d", "timestamp": 1780336761523, "location": "reccobeats/client.py:_request", "message": "reccobeats http response", "data": {"method": "GET", "path": "/v1/track", "status": 200, "id_count": 1, "attempt": 1}, "hypothesisId": "H-batch", "runId": "pre-fix"}
{"sessionId": "a86d8d", "timestamp": 1780336761528, "location": "reccobeats/client.py:_request", "message": "reccobeats http response", "data": {"method": "GET", "path": "/v1/track/878dadea-33c5-4c08-bdb9-e2b117475a99/audio-features", "status": 200, "id_count": 0, "attempt": 0}, "hypothesisId": "H-batch", "runId": "pre-fix"}
{"sessionId": "a86d8d", "timestamp": 1780336761543, "location": "reccobeats/client.py:_request", "message": "reccobeats http response", "data": {"method": "GET", "path": "/v1/track", "status": 200, "id_count": 1, "attempt": 0}, "hypothesisId": "H-batch", "runId": "pre-fix"}
{"sessionId": "a86d8d", "timestamp": 1780336761551, "location": "reccobeats/client.py:_request", "message": "reccobeats http response", "data": {"method": "GET", "path": "/v1/audio-features", "status": 200, "id_count": 2, "attempt": 0}, "hypothesisId": "H-batch", "runId": "pre-fix"}
{"sessionId": "a86d8d", "timestamp": 1780336761564, "location": "reccobeats/client.py:_request", "message": "reccobeats http response", "data": {"method": "GET", "path": "/v1/audio-features", "status": 200, "id_count": 1, "attempt": 1}, "hypothesisId": "H-batch", "runId": "pre-fix"}
{"sessionId": "a86d8d", "timestamp": 1780336762026, "location": "jobs/service.py:reconcile_orphaned_jobs", "message": "orphan job reconciliation", "data": {"job_type": "reccobeats_enrichment", "reconciled": []}, "hypothesisId": "H1", "runId": "pre-fix"}
{"sessionId": "a86d8d", "timestamp": 1780336762031, "location": "features/enrichment.py:assert_no_running_job", "message": "running job gate check", "data": {"reconciled": [], "blocking": null, "active_in_memory": false}, "hypothesisId": "H1-H3", "runId": "pre-fix"}
{"sessionId": "a86d8d", "timestamp": 1780336762074, "location": "features/enrichment.py:run_enrichment", "message": "enrichment http batch config", "data": {"job_id": "76f8353ff50f4d6b9fb3e94d4c44d267", "http_chunk_size": 40, "work_count": 1, "pause_every_n_tracks": 50}, "hypothesisId": "H-batch", "runId": "pre-fix"}
{"sessionId": "a86d8d", "timestamp": 1780336762097, "location": "features/enrichment.py:batch_chunk", "message": "processing http chunk", "data": {"job_id": "76f8353ff50f4d6b9fb3e94d4c44d267", "chunk_size": 1}, "hypothesisId": "H-batch", "runId": "pre-fix"}
{"sessionId": "a86d8d", "timestamp": 1780336762108, "location": "reccobeats/client.py:_request", "message": "reccobeats http response", "data": {"method": "GET", "path": "/v1/audio-features", "status": 200, "id_count": 1, "attempt": 0}, "hypothesisId": "H-batch", "runId": "pre-fix"}
{"sessionId": "a86d8d", "timestamp": 1780336762816, "location": "features/enrichment.py:run_enrichment", "message": "enrichment http batch config", "data": {"job_id": "3b87e259b3c94d8488ccec564dd2de82", "http_chunk_size": 40, "work_count": 1, "pause_every_n_tracks": 50}, "hypothesisId": "H-batch", "runId": "pre-fix"}
{"sessionId": "a86d8d", "timestamp": 1780336762821, "location": "features/enrichment.py:batch_chunk", "message": "processing http chunk", "data": {"job_id": "3b87e259b3c94d8488ccec564dd2de82", "chunk_size": 1}, "hypothesisId": "H-batch", "runId": "pre-fix"}
{"sessionId": "a86d8d", "timestamp": 1780336762826, "location": "reccobeats/client.py:_request", "message": "reccobeats http response", "data": {"method": "GET", "path": "/v1/audio-features", "status": 200, "id_count": 1, "attempt": 0}, "hypothesisId": "H-batch", "runId": "pre-fix"}
{"sessionId": "a86d8d", "timestamp": 1780336762885, "location": "features/enrichment.py:run_enrichment", "message": "enrichment http batch config", "data": {"job_id": "92a65e89dde14afcbbd61a8f5af08486", "http_chunk_size": 40, "work_count": 1, "pause_every_n_tracks": 50}, "hypothesisId": "H-batch", "runId": "pre-fix"}
{"sessionId": "a86d8d", "timestamp": 1780336762890, "location": "features/enrichment.py:batch_chunk", "message": "processing http chunk", "data": {"job_id": "92a65e89dde14afcbbd61a8f5af08486", "chunk_size": 1}, "hypothesisId": "H-batch", "runId": "pre-fix"}
{"sessionId": "a86d8d", "timestamp": 1780336762896, "location": "reccobeats/client.py:_request", "message": "reccobeats http response", "data": {"method": "GET", "path": "/v1/audio-features", "status": 200, "id_count": 1, "attempt": 0}, "hypothesisId": "H-batch", "runId": "pre-fix"}
{"sessionId": "a86d8d", "timestamp": 1780336763394, "location": "features/enrichment.py:run_enrichment", "message": "enrichment http batch config", "data": {"job_id": "5a4d6ffb27e34a78b2174ad9ded4f4b2", "http_chunk_size": 40, "work_count": 1, "pause_every_n_tracks": 50}, "hypothesisId": "H-batch", "runId": "pre-fix"}
{"sessionId": "a86d8d", "timestamp": 1780336763398, "location": "features/enrichment.py:batch_chunk", "message": "processing http chunk", "data": {"job_id": "5a4d6ffb27e34a78b2174ad9ded4f4b2", "chunk_size": 1}, "hypothesisId": "H-batch", "runId": "pre-fix"}
{"sessionId": "a86d8d", "timestamp": 1780336763403, "location": "reccobeats/client.py:_request", "message": "reccobeats http response", "data": {"method": "GET", "path": "/v1/audio-features", "status": 200, "id_count": 1, "attempt": 0}, "hypothesisId": "H-batch", "runId": "pre-fix"}
{"sessionId": "a86d8d", "timestamp": 1780336763455, "location": "features/enrichment.py:run_enrichment", "message": "enrichment http batch config", "data": {"job_id": "2217cde46ddb46a7885014b57ae8f6fe", "http_chunk_size": 40, "work_count": 1, "pause_every_n_tracks": 50}, "hypothesisId": "H-batch", "runId": "pre-fix"}
{"sessionId": "a86d8d", "timestamp": 1780336763460, "location": "features/enrichment.py:batch_chunk", "message": "processing http chunk", "data": {"job_id": "2217cde46ddb46a7885014b57ae8f6fe", "chunk_size": 1}, "hypothesisId": "H-batch", "runId": "pre-fix"}
{"sessionId": "a86d8d", "timestamp": 1780336763466, "location": "reccobeats/client.py:_request", "message": "reccobeats http response", "data": {"method": "GET", "path": "/v1/audio-features", "status": 200, "id_count": 1, "attempt": 0}, "hypothesisId": "H-batch", "runId": "pre-fix"}
{"sessionId": "a86d8d", "timestamp": 1780336763901, "location": "features/enrichment.py:run_enrichment", "message": "enrichment http batch config", "data": {"job_id": "cf5f7e490efa430ab3c76df09b0893db", "http_chunk_size": 40, "work_count": 1, "pause_every_n_tracks": 50}, "hypothesisId": "H-batch", "runId": "pre-fix"}
{"sessionId": "a86d8d", "timestamp": 1780336763904, "location": "features/enrichment.py:batch_chunk", "message": "processing http chunk", "data": {"job_id": "cf5f7e490efa430ab3c76df09b0893db", "chunk_size": 1}, "hypothesisId": "H-batch", "runId": "pre-fix"}
{"sessionId": "a86d8d", "timestamp": 1780336763908, "location": "reccobeats/client.py:_request", "message": "reccobeats http response", "data": {"method": "GET", "path": "/v1/audio-features", "status": 200, "id_count": 1, "attempt": 0}, "hypothesisId": "H-batch", "runId": "pre-fix"}
{"sessionId": "a86d8d", "timestamp": 1780336764743, "location": "jobs/service.py:reconcile_orphaned_jobs", "message": "orphan job reconciliation", "data": {"job_type": "reccobeats_enrichment", "reconciled": []}, "hypothesisId": "H1", "runId": "pre-fix"}
{"sessionId": "a86d8d", "timestamp": 1780336764751, "location": "features/enrichment.py:assert_no_running_job", "message": "running job gate check", "data": {"reconciled": [], "blocking": null, "active_in_memory": false}, "hypothesisId": "H1-H3", "runId": "pre-fix"}
{"sessionId": "a86d8d", "timestamp": 1780336764794, "location": "features/enrichment.py:run_enrichment", "message": "enrichment http batch config", "data": {"job_id": "7ec1040246a24049b2338a6db4738cd6", "http_chunk_size": 40, "work_count": 1, "pause_every_n_tracks": 50}, "hypothesisId": "H-batch", "runId": "pre-fix"}
{"sessionId": "a86d8d", "timestamp": 1780336764802, "location": "features/enrichment.py:batch_chunk", "message": "processing http chunk", "data": {"job_id": "7ec1040246a24049b2338a6db4738cd6", "chunk_size": 1}, "hypothesisId": "H-batch", "runId": "pre-fix"}
{"sessionId": "a86d8d", "timestamp": 1780336764808, "location": "reccobeats/client.py:_request", "message": "reccobeats http response", "data": {"method": "GET", "path": "/v1/audio-features", "status": 200, "id_count": 1, "attempt": 0}, "hypothesisId": "H-batch", "runId": "pre-fix"}
{"sessionId": "a86d8d", "timestamp": 1780336765397, "location": "jobs/service.py:reconcile_orphaned_jobs", "message": "orphan job reconciliation", "data": {"job_type": "reccobeats_enrichment", "reconciled": []}, "hypothesisId": "H1", "runId": "pre-fix"}
{"sessionId": "a86d8d", "timestamp": 1780336765402, "location": "features/enrichment.py:assert_no_running_job", "message": "running job gate check", "data": {"reconciled": [], "blocking": {"job_id": "running123", "status": "running", "started_at": "None", "progress_current": 0}, "active_in_memory": true}, "hypothesisId": "H1-H3", "runId": "pre-fix"}
{"sessionId": "a86d8d", "timestamp": 1780336890123, "location": "jobs/service.py:reconcile_orphaned_jobs", "message": "orphan job reconciliation", "data": {"job_type": "reccobeats_enrichment", "reconciled": []}, "hypothesisId": "H1", "runId": "pre-fix"}
{"sessionId": "a86d8d", "timestamp": 1780336890131, "location": "features/enrichment.py:assert_no_running_job", "message": "running job gate check", "data": {"reconciled": [], "blocking": null, "active_in_memory": false}, "hypothesisId": "H1-H3", "runId": "pre-fix"}
{"sessionId": "a86d8d", "timestamp": 1780336890169, "location": "features/enrichment.py:run_enrichment", "message": "enrichment http batch config", "data": {"job_id": "d5f8b4ec947b4fbaa41577cac0c17e8c", "http_chunk_size": 40, "work_count": 4, "pause_every_n_tracks": 50}, "hypothesisId": "H-batch", "runId": "pre-fix"}
{"sessionId": "a86d8d", "timestamp": 1780336890174, "location": "features/enrichment.py:batch_chunk", "message": "processing http chunk", "data": {"job_id": "d5f8b4ec947b4fbaa41577cac0c17e8c", "chunk_size": 4}, "hypothesisId": "H-batch", "runId": "pre-fix"}
{"sessionId": "a86d8d", "timestamp": 1780336890581, "location": "reccobeats/client.py:_request", "message": "reccobeats http response", "data": {"method": "GET", "path": "/v1/audio-features", "status": 200, "id_count": 4, "attempt": 0}, "hypothesisId": "H-batch", "runId": "pre-fix"}
{"sessionId": "a86d8d", "timestamp": 1780336894251, "location": "jobs/service.py:reconcile_orphaned_jobs", "message": "orphan job reconciliation", "data": {"job_type": "reccobeats_enrichment", "reconciled": ["stuck_job"]}, "hypothesisId": "H1", "runId": "pre-fix"}
{"sessionId": "a86d8d", "timestamp": 1780336894660, "location": "jobs/service.py:reconcile_orphaned_jobs", "message": "orphan job reconciliation", "data": {"job_type": "reccobeats_enrichment", "reconciled": ["stuck2"]}, "hypothesisId": "H1", "runId": "pre-fix"}
{"sessionId": "a86d8d", "timestamp": 1780336894666, "location": "features/enrichment.py:assert_no_running_job", "message": "running job gate check", "data": {"reconciled": ["stuck2"], "blocking": null, "active_in_memory": false}, "hypothesisId": "H1-H3", "runId": "pre-fix"}
{"sessionId": "a86d8d", "timestamp": 1780336912578, "location": "reccobeats/client.py:_request", "message": "reccobeats http response", "data": {"method": "GET", "path": "/v1/audio-features", "status": 200, "id_count": 2, "attempt": 0}, "hypothesisId": "H-batch", "runId": "pre-fix"}
{"sessionId": "a86d8d", "timestamp": 1780336912608, "location": "reccobeats/client.py:_request", "message": "reccobeats http response", "data": {"method": "GET", "path": "/v1/track", "status": 200, "id_count": 1, "attempt": 0}, "hypothesisId": "H-batch", "runId": "pre-fix"}
{"sessionId": "a86d8d", "timestamp": 1780336912612, "location": "reccobeats/client.py:_request", "message": "reccobeats http response", "data": {"method": "GET", "path": "/v1/track/878dadea-33c5-4c08-bdb9-e2b117475a99/audio-features", "status": 200, "id_count": 0, "attempt": 0}, "hypothesisId": "H-batch", "runId": "pre-fix"}
{"sessionId": "a86d8d", "timestamp": 1780336912621, "location": "reccobeats/client.py:_request", "message": "reccobeats http response", "data": {"method": "GET", "path": "/v1/track", "status": 404, "id_count": 1, "attempt": 0}, "hypothesisId": "H-batch", "runId": "pre-fix"}
{"sessionId": "a86d8d", "timestamp": 1780336912628, "location": "reccobeats/client.py:_request", "message": "reccobeats http response", "data": {"method": "GET", "path": "/v1/track/unknown-id/audio-features", "status": 404, "id_count": 0, "attempt": 0}, "hypothesisId": "H-batch", "runId": "pre-fix"}
{"sessionId": "a86d8d", "timestamp": 1780336912639, "location": "reccobeats/client.py:_request", "message": "reccobeats http response", "data": {"method": "GET", "path": "/v1/track", "status": 200, "id_count": 1, "attempt": 1}, "hypothesisId": "H-batch", "runId": "pre-fix"}
{"sessionId": "a86d8d", "timestamp": 1780336912644, "location": "reccobeats/client.py:_request", "message": "reccobeats http response", "data": {"method": "GET", "path": "/v1/track/878dadea-33c5-4c08-bdb9-e2b117475a99/audio-features", "status": 200, "id_count": 0, "attempt": 0}, "hypothesisId": "H-batch", "runId": "pre-fix"}
{"sessionId": "a86d8d", "timestamp": 1780336912661, "location": "reccobeats/client.py:_request", "message": "reccobeats http response", "data": {"method": "GET", "path": "/v1/track", "status": 200, "id_count": 1, "attempt": 0}, "hypothesisId": "H-batch", "runId": "pre-fix"}
{"sessionId": "a86d8d", "timestamp": 1780336912670, "location": "reccobeats/client.py:_request", "message": "reccobeats http response", "data": {"method": "GET", "path": "/v1/audio-features", "status": 200, "id_count": 2, "attempt": 0}, "hypothesisId": "H-batch", "runId": "pre-fix"}
{"sessionId": "a86d8d", "timestamp": 1780336912685, "location": "reccobeats/client.py:_request", "message": "reccobeats http response", "data": {"method": "GET", "path": "/v1/audio-features", "status": 200, "id_count": 1, "attempt": 1}, "hypothesisId": "H-batch", "runId": "pre-fix"}
{"sessionId": "a86d8d", "timestamp": 1780336913116, "location": "jobs/service.py:reconcile_orphaned_jobs", "message": "orphan job reconciliation", "data": {"job_type": "reccobeats_enrichment", "reconciled": []}, "hypothesisId": "H1", "runId": "pre-fix"}
{"sessionId": "a86d8d", "timestamp": 1780336913125, "location": "features/enrichment.py:assert_no_running_job", "message": "running job gate check", "data": {"reconciled": [], "blocking": null, "active_in_memory": false}, "hypothesisId": "H1-H3", "runId": "pre-fix"}
{"sessionId": "a86d8d", "timestamp": 1780336913168, "location": "features/enrichment.py:run_enrichment", "message": "enrichment http batch config", "data": {"job_id": "89fa27757d2243edafaadcd15b1c2b1f", "http_chunk_size": 40, "work_count": 1, "pause_every_n_tracks": 50}, "hypothesisId": "H-batch", "runId": "pre-fix"}
{"sessionId": "a86d8d", "timestamp": 1780336913173, "location": "features/enrichment.py:batch_chunk", "message": "processing http chunk", "data": {"job_id": "89fa27757d2243edafaadcd15b1c2b1f", "chunk_size": 1}, "hypothesisId": "H-batch", "runId": "pre-fix"}
{"sessionId": "a86d8d", "timestamp": 1780336913178, "location": "reccobeats/client.py:_request", "message": "reccobeats http response", "data": {"method": "GET", "path": "/v1/audio-features", "status": 200, "id_count": 1, "attempt": 0}, "hypothesisId": "H-batch", "runId": "pre-fix"}
{"sessionId": "a86d8d", "timestamp": 1780336913693, "location": "features/enrichment.py:run_enrichment", "message": "enrichment http batch config", "data": {"job_id": "0c83ad45d93b4de1aaa2354ed5674501", "http_chunk_size": 40, "work_count": 1, "pause_every_n_tracks": 50}, "hypothesisId": "H-batch", "runId": "pre-fix"}
{"sessionId": "a86d8d", "timestamp": 1780336913697, "location": "features/enrichment.py:batch_chunk", "message": "processing http chunk", "data": {"job_id": "0c83ad45d93b4de1aaa2354ed5674501", "chunk_size": 1}, "hypothesisId": "H-batch", "runId": "pre-fix"}
{"sessionId": "a86d8d", "timestamp": 1780336913703, "location": "reccobeats/client.py:_request", "message": "reccobeats http response", "data": {"method": "GET", "path": "/v1/audio-features", "status": 200, "id_count": 1, "attempt": 0}, "hypothesisId": "H-batch", "runId": "pre-fix"}
{"sessionId": "a86d8d", "timestamp": 1780336913747, "location": "features/enrichment.py:run_enrichment", "message": "enrichment http batch config", "data": {"job_id": "71f922b95ea2470fb365c16b2c9be01b", "http_chunk_size": 40, "work_count": 1, "pause_every_n_tracks": 50}, "hypothesisId": "H-batch", "runId": "pre-fix"}
{"sessionId": "a86d8d", "timestamp": 1780336913751, "location": "features/enrichment.py:batch_chunk", "message": "processing http chunk", "data": {"job_id": "71f922b95ea2470fb365c16b2c9be01b", "chunk_size": 1}, "hypothesisId": "H-batch", "runId": "pre-fix"}
{"sessionId": "a86d8d", "timestamp": 1780336913757, "location": "reccobeats/client.py:_request", "message": "reccobeats http response", "data": {"method": "GET", "path": "/v1/audio-features", "status": 200, "id_count": 1, "attempt": 0}, "hypothesisId": "H-batch", "runId": "pre-fix"}
{"sessionId": "a86d8d", "timestamp": 1780336914272, "location": "features/enrichment.py:run_enrichment", "message": "enrichment http batch config", "data": {"job_id": "3ff090b4b2664e188e62baa17524b089", "http_chunk_size": 40, "work_count": 1, "pause_every_n_tracks": 50}, "hypothesisId": "H-batch", "runId": "pre-fix"}
{"sessionId": "a86d8d", "timestamp": 1780336914276, "location": "features/enrichment.py:batch_chunk", "message": "processing http chunk", "data": {"job_id": "3ff090b4b2664e188e62baa17524b089", "chunk_size": 1}, "hypothesisId": "H-batch", "runId": "pre-fix"}
{"sessionId": "a86d8d", "timestamp": 1780336914281, "location": "reccobeats/client.py:_request", "message": "reccobeats http response", "data": {"method": "GET", "path": "/v1/audio-features", "status": 200, "id_count": 1, "attempt": 0}, "hypothesisId": "H-batch", "runId": "pre-fix"}
{"sessionId": "a86d8d", "timestamp": 1780336914325, "location": "features/enrichment.py:run_enrichment", "message": "enrichment http batch config", "data": {"job_id": "d8a47e53099f4455a9e6c4f32dd9f810", "http_chunk_size": 40, "work_count": 1, "pause_every_n_tracks": 50}, "hypothesisId": "H-batch", "runId": "pre-fix"}
{"sessionId": "a86d8d", "timestamp": 1780336914329, "location": "features/enrichment.py:batch_chunk", "message": "processing http chunk", "data": {"job_id": "d8a47e53099f4455a9e6c4f32dd9f810", "chunk_size": 1}, "hypothesisId": "H-batch", "runId": "pre-fix"}
{"sessionId": "a86d8d", "timestamp": 1780336914334, "location": "reccobeats/client.py:_request", "message": "reccobeats http response", "data": {"method": "GET", "path": "/v1/audio-features", "status": 200, "id_count": 1, "attempt": 0}, "hypothesisId": "H-batch", "runId": "pre-fix"}
{"sessionId": "a86d8d", "timestamp": 1780336914832, "location": "features/enrichment.py:run_enrichment", "message": "enrichment http batch config", "data": {"job_id": "e3bac4559f234a46af944f296010a350", "http_chunk_size": 40, "work_count": 1, "pause_every_n_tracks": 50}, "hypothesisId": "H-batch", "runId": "pre-fix"}
{"sessionId": "a86d8d", "timestamp": 1780336914836, "location": "features/enrichment.py:batch_chunk", "message": "processing http chunk", "data": {"job_id": "e3bac4559f234a46af944f296010a350", "chunk_size": 1}, "hypothesisId": "H-batch", "runId": "pre-fix"}
{"sessionId": "a86d8d", "timestamp": 1780336914841, "location": "reccobeats/client.py:_request", "message": "reccobeats http response", "data": {"method": "GET", "path": "/v1/audio-features", "status": 200, "id_count": 1, "attempt": 0}, "hypothesisId": "H-batch", "runId": "pre-fix"}
{"sessionId": "a86d8d", "timestamp": 1780336915665, "location": "jobs/service.py:reconcile_orphaned_jobs", "message": "orphan job reconciliation", "data": {"job_type": "reccobeats_enrichment", "reconciled": []}, "hypothesisId": "H1", "runId": "pre-fix"}
{"sessionId": "a86d8d", "timestamp": 1780336915675, "location": "features/enrichment.py:assert_no_running_job", "message": "running job gate check", "data": {"reconciled": [], "blocking": null, "active_in_memory": false}, "hypothesisId": "H1-H3", "runId": "pre-fix"}
{"sessionId": "a86d8d", "timestamp": 1780336916400, "location": "jobs/service.py:reconcile_orphaned_jobs", "message": "orphan job reconciliation", "data": {"job_type": "reccobeats_enrichment", "reconciled": []}, "hypothesisId": "H1", "runId": "pre-fix"}
{"sessionId": "a86d8d", "timestamp": 1780336916407, "location": "features/enrichment.py:assert_no_running_job", "message": "running job gate check", "data": {"reconciled": [], "blocking": {"job_id": "running123", "status": "running", "started_at": "None", "progress_current": 0}, "active_in_memory": true}, "hypothesisId": "H1-H3", "runId": "pre-fix"}
{"sessionId": "a86d8d", "timestamp": 1780336974925, "location": "jobs/service.py:reconcile_orphaned_jobs", "message": "orphan job reconciliation", "data": {"job_type": "reccobeats_enrichment", "reconciled": []}, "hypothesisId": "H1", "runId": "pre-fix"}
{"sessionId": "a86d8d", "timestamp": 1780336974934, "location": "features/enrichment.py:assert_no_running_job", "message": "running job gate check", "data": {"reconciled": [], "blocking": null, "active_in_memory": false}, "hypothesisId": "H1-H3", "runId": "pre-fix"}
{"sessionId": "a86d8d", "timestamp": 1780336974972, "location": "features/enrichment.py:run_enrichment", "message": "enrichment http batch config", "data": {"job_id": "9bcac0e496db485d9107ec4753471f00", "http_chunk_size": 40, "work_count": 4, "pause_every_n_tracks": 50}, "hypothesisId": "H-batch", "runId": "pre-fix"}
{"sessionId": "a86d8d", "timestamp": 1780336974977, "location": "features/enrichment.py:batch_chunk", "message": "processing http chunk", "data": {"job_id": "9bcac0e496db485d9107ec4753471f00", "chunk_size": 4}, "hypothesisId": "H-batch", "runId": "pre-fix"}
{"sessionId": "a86d8d", "timestamp": 1780336975383, "location": "reccobeats/client.py:_request", "message": "reccobeats http response", "data": {"method": "GET", "path": "/v1/audio-features", "status": 200, "id_count": 4, "attempt": 0}, "hypothesisId": "H-batch", "runId": "pre-fix"}
{"sessionId": "a86d8d", "timestamp": 1780336978624, "location": "jobs/service.py:reconcile_orphaned_jobs", "message": "orphan job reconciliation", "data": {"job_type": "reccobeats_enrichment", "reconciled": ["stuck_job"]}, "hypothesisId": "H1", "runId": "pre-fix"}
{"sessionId": "a86d8d", "timestamp": 1780336979008, "location": "jobs/service.py:reconcile_orphaned_jobs", "message": "orphan job reconciliation", "data": {"job_type": "reccobeats_enrichment", "reconciled": ["stuck2"]}, "hypothesisId": "H1", "runId": "pre-fix"}
{"sessionId": "a86d8d", "timestamp": 1780336979013, "location": "features/enrichment.py:assert_no_running_job", "message": "running job gate check", "data": {"reconciled": ["stuck2"], "blocking": null, "active_in_memory": false}, "hypothesisId": "H1-H3", "runId": "pre-fix"}
{"sessionId": "a86d8d", "timestamp": 1780336996940, "location": "reccobeats/client.py:_request", "message": "reccobeats http response", "data": {"method": "GET", "path": "/v1/audio-features", "status": 200, "id_count": 2, "attempt": 0}, "hypothesisId": "H-batch", "runId": "pre-fix"}
{"sessionId": "a86d8d", "timestamp": 1780336996963, "location": "reccobeats/client.py:_request", "message": "reccobeats http response", "data": {"method": "GET", "path": "/v1/track", "status": 200, "id_count": 1, "attempt": 0}, "hypothesisId": "H-batch", "runId": "pre-fix"}
{"sessionId": "a86d8d", "timestamp": 1780336996967, "location": "reccobeats/client.py:_request", "message": "reccobeats http response", "data": {"method": "GET", "path": "/v1/track/878dadea-33c5-4c08-bdb9-e2b117475a99/audio-features", "status": 200, "id_count": 0, "attempt": 0}, "hypothesisId": "H-batch", "runId": "pre-fix"}
{"sessionId": "a86d8d", "timestamp": 1780336996976, "location": "reccobeats/client.py:_request", "message": "reccobeats http response", "data": {"method": "GET", "path": "/v1/track", "status": 404, "id_count": 1, "attempt": 0}, "hypothesisId": "H-batch", "runId": "pre-fix"}
{"sessionId": "a86d8d", "timestamp": 1780336996982, "location": "reccobeats/client.py:_request", "message": "reccobeats http response", "data": {"method": "GET", "path": "/v1/track/unknown-id/audio-features", "status": 404, "id_count": 0, "attempt": 0}, "hypothesisId": "H-batch", "runId": "pre-fix"}
{"sessionId": "a86d8d", "timestamp": 1780336996992, "location": "reccobeats/client.py:_request", "message": "reccobeats http response", "data": {"method": "GET", "path": "/v1/track", "status": 200, "id_count": 1, "attempt": 1}, "hypothesisId": "H-batch", "runId": "pre-fix"}
{"sessionId": "a86d8d", "timestamp": 1780336996995, "location": "reccobeats/client.py:_request", "message": "reccobeats http response", "data": {"method": "GET", "path": "/v1/track/878dadea-33c5-4c08-bdb9-e2b117475a99/audio-features", "status": 200, "id_count": 0, "attempt": 0}, "hypothesisId": "H-batch", "runId": "pre-fix"}
{"sessionId": "a86d8d", "timestamp": 1780336997010, "location": "reccobeats/client.py:_request", "message": "reccobeats http response", "data": {"method": "GET", "path": "/v1/track", "status": 200, "id_count": 1, "attempt": 0}, "hypothesisId": "H-batch", "runId": "pre-fix"}
{"sessionId": "a86d8d", "timestamp": 1780336997016, "location": "reccobeats/client.py:_request", "message": "reccobeats http response", "data": {"method": "GET", "path": "/v1/audio-features", "status": 200, "id_count": 2, "attempt": 0}, "hypothesisId": "H-batch", "runId": "pre-fix"}
{"sessionId": "a86d8d", "timestamp": 1780336997031, "location": "reccobeats/client.py:_request", "message": "reccobeats http response", "data": {"method": "GET", "path": "/v1/audio-features", "status": 200, "id_count": 1, "attempt": 1}, "hypothesisId": "H-batch", "runId": "pre-fix"}
{"sessionId": "a86d8d", "timestamp": 1780336997418, "location": "jobs/service.py:reconcile_orphaned_jobs", "message": "orphan job reconciliation", "data": {"job_type": "reccobeats_enrichment", "reconciled": []}, "hypothesisId": "H1", "runId": "pre-fix"}
{"sessionId": "a86d8d", "timestamp": 1780336997424, "location": "features/enrichment.py:assert_no_running_job", "message": "running job gate check", "data": {"reconciled": [], "blocking": null, "active_in_memory": false}, "hypothesisId": "H1-H3", "runId": "pre-fix"}
{"sessionId": "a86d8d", "timestamp": 1780336997462, "location": "features/enrichment.py:run_enrichment", "message": "enrichment http batch config", "data": {"job_id": "021456e33ad547a28cb99f72ab576851", "http_chunk_size": 40, "work_count": 1, "pause_every_n_tracks": 50}, "hypothesisId": "H-batch", "runId": "pre-fix"}
{"sessionId": "a86d8d", "timestamp": 1780336997465, "location": "features/enrichment.py:batch_chunk", "message": "processing http chunk", "data": {"job_id": "021456e33ad547a28cb99f72ab576851", "chunk_size": 1}, "hypothesisId": "H-batch", "runId": "pre-fix"}
{"sessionId": "a86d8d", "timestamp": 1780336997469, "location": "reccobeats/client.py:_request", "message": "reccobeats http response", "data": {"method": "GET", "path": "/v1/audio-features", "status": 200, "id_count": 1, "attempt": 0}, "hypothesisId": "H-batch", "runId": "pre-fix"}
{"sessionId": "a86d8d", "timestamp": 1780336997910, "location": "features/enrichment.py:run_enrichment", "message": "enrichment http batch config", "data": {"job_id": "448bd1f5aba14e3c86dc04390e7918fa", "http_chunk_size": 40, "work_count": 1, "pause_every_n_tracks": 50}, "hypothesisId": "H-batch", "runId": "pre-fix"}
{"sessionId": "a86d8d", "timestamp": 1780336997913, "location": "features/enrichment.py:batch_chunk", "message": "processing http chunk", "data": {"job_id": "448bd1f5aba14e3c86dc04390e7918fa", "chunk_size": 1}, "hypothesisId": "H-batch", "runId": "pre-fix"}
{"sessionId": "a86d8d", "timestamp": 1780336997917, "location": "reccobeats/client.py:_request", "message": "reccobeats http response", "data": {"method": "GET", "path": "/v1/audio-features", "status": 200, "id_count": 1, "attempt": 0}, "hypothesisId": "H-batch", "runId": "pre-fix"}
{"sessionId": "a86d8d", "timestamp": 1780336997957, "location": "features/enrichment.py:run_enrichment", "message": "enrichment http batch config", "data": {"job_id": "e2373c6d908549209237d3722461307e", "http_chunk_size": 40, "work_count": 1, "pause_every_n_tracks": 50}, "hypothesisId": "H-batch", "runId": "pre-fix"}
{"sessionId": "a86d8d", "timestamp": 1780336997961, "location": "features/enrichment.py:batch_chunk", "message": "processing http chunk", "data": {"job_id": "e2373c6d908549209237d3722461307e", "chunk_size": 1}, "hypothesisId": "H-batch", "runId": "pre-fix"}
{"sessionId": "a86d8d", "timestamp": 1780336997967, "location": "reccobeats/client.py:_request", "message": "reccobeats http response", "data": {"method": "GET", "path": "/v1/audio-features", "status": 200, "id_count": 1, "attempt": 0}, "hypothesisId": "H-batch", "runId": "pre-fix"}
{"sessionId": "a86d8d", "timestamp": 1780336998467, "location": "features/enrichment.py:run_enrichment", "message": "enrichment http batch config", "data": {"job_id": "254955cc23cf4998bd0a66bda4a260cd", "http_chunk_size": 40, "work_count": 1, "pause_every_n_tracks": 50}, "hypothesisId": "H-batch", "runId": "pre-fix"}
{"sessionId": "a86d8d", "timestamp": 1780336998471, "location": "features/enrichment.py:batch_chunk", "message": "processing http chunk", "data": {"job_id": "254955cc23cf4998bd0a66bda4a260cd", "chunk_size": 1}, "hypothesisId": "H-batch", "runId": "pre-fix"}
{"sessionId": "a86d8d", "timestamp": 1780336998477, "location": "reccobeats/client.py:_request", "message": "reccobeats http response", "data": {"method": "GET", "path": "/v1/audio-features", "status": 200, "id_count": 1, "attempt": 0}, "hypothesisId": "H-batch", "runId": "pre-fix"}
{"sessionId": "a86d8d", "timestamp": 1780336998521, "location": "features/enrichment.py:run_enrichment", "message": "enrichment http batch config", "data": {"job_id": "2b67451e5b244e1a947c095757ec604d", "http_chunk_size": 40, "work_count": 1, "pause_every_n_tracks": 50}, "hypothesisId": "H-batch", "runId": "pre-fix"}
{"sessionId": "a86d8d", "timestamp": 1780336998525, "location": "features/enrichment.py:batch_chunk", "message": "processing http chunk", "data": {"job_id": "2b67451e5b244e1a947c095757ec604d", "chunk_size": 1}, "hypothesisId": "H-batch", "runId": "pre-fix"}
{"sessionId": "a86d8d", "timestamp": 1780336998530, "location": "reccobeats/client.py:_request", "message": "reccobeats http response", "data": {"method": "GET", "path": "/v1/audio-features", "status": 200, "id_count": 1, "attempt": 0}, "hypothesisId": "H-batch", "runId": "pre-fix"}
{"sessionId": "a86d8d", "timestamp": 1780336998995, "location": "features/enrichment.py:run_enrichment", "message": "enrichment http batch config", "data": {"job_id": "2653e40f70034f10af288e54fdee4abe", "http_chunk_size": 40, "work_count": 1, "pause_every_n_tracks": 50}, "hypothesisId": "H-batch", "runId": "pre-fix"}
{"sessionId": "a86d8d", "timestamp": 1780336998999, "location": "features/enrichment.py:batch_chunk", "message": "processing http chunk", "data": {"job_id": "2653e40f70034f10af288e54fdee4abe", "chunk_size": 1}, "hypothesisId": "H-batch", "runId": "pre-fix"}
{"sessionId": "a86d8d", "timestamp": 1780336999005, "location": "reccobeats/client.py:_request", "message": "reccobeats http response", "data": {"method": "GET", "path": "/v1/audio-features", "status": 200, "id_count": 1, "attempt": 0}, "hypothesisId": "H-batch", "runId": "pre-fix"}
{"sessionId": "a86d8d", "timestamp": 1780336999787, "location": "jobs/service.py:reconcile_orphaned_jobs", "message": "orphan job reconciliation", "data": {"job_type": "reccobeats_enrichment", "reconciled": []}, "hypothesisId": "H1", "runId": "pre-fix"}
{"sessionId": "a86d8d", "timestamp": 1780336999794, "location": "features/enrichment.py:assert_no_running_job", "message": "running job gate check", "data": {"reconciled": [], "blocking": null, "active_in_memory": false}, "hypothesisId": "H1-H3", "runId": "pre-fix"}
{"sessionId": "a86d8d", "timestamp": 1780337000395, "location": "jobs/service.py:reconcile_orphaned_jobs", "message": "orphan job reconciliation", "data": {"job_type": "reccobeats_enrichment", "reconciled": []}, "hypothesisId": "H1", "runId": "pre-fix"}
{"sessionId": "a86d8d", "timestamp": 1780337000402, "location": "features/enrichment.py:assert_no_running_job", "message": "running job gate check", "data": {"reconciled": [], "blocking": {"job_id": "running123", "status": "running", "started_at": "None", "progress_current": 0}, "active_in_memory": true}, "hypothesisId": "H1-H3", "runId": "pre-fix"}
{"sessionId": "a86d8d", "timestamp": 1780337124085, "location": "jobs/service.py:reconcile_orphaned_jobs", "message": "orphan job reconciliation", "data": {"job_type": "reccobeats_enrichment", "reconciled": []}, "hypothesisId": "H1", "runId": "pre-fix"}
{"sessionId": "a86d8d", "timestamp": 1780337124093, "location": "features/enrichment.py:assert_no_running_job", "message": "running job gate check", "data": {"reconciled": [], "blocking": null, "active_in_memory": false}, "hypothesisId": "H1-H3", "runId": "pre-fix"}
{"sessionId": "a86d8d", "timestamp": 1780337124130, "location": "features/enrichment.py:run_enrichment", "message": "enrichment http batch config", "data": {"job_id": "bb73127b22984e9ba0df4eaf329419b3", "http_chunk_size": 40, "work_count": 4, "pause_every_n_tracks": 50}, "hypothesisId": "H-batch", "runId": "pre-fix"}
{"sessionId": "a86d8d", "timestamp": 1780337124136, "location": "features/enrichment.py:batch_chunk", "message": "processing http chunk", "data": {"job_id": "bb73127b22984e9ba0df4eaf329419b3", "chunk_size": 4}, "hypothesisId": "H-batch", "runId": "pre-fix"}
{"sessionId": "a86d8d", "timestamp": 1780337124542, "location": "reccobeats/client.py:_request", "message": "reccobeats http response", "data": {"method": "GET", "path": "/v1/audio-features", "status": 200, "id_count": 4, "attempt": 0}, "hypothesisId": "H-batch", "runId": "pre-fix"}
{"sessionId": "a86d8d", "timestamp": 1780337127734, "location": "jobs/service.py:reconcile_orphaned_jobs", "message": "orphan job reconciliation", "data": {"job_type": "reccobeats_enrichment", "reconciled": ["stuck_job"]}, "hypothesisId": "H1", "runId": "pre-fix"}
{"sessionId": "a86d8d", "timestamp": 1780337128131, "location": "jobs/service.py:reconcile_orphaned_jobs", "message": "orphan job reconciliation", "data": {"job_type": "reccobeats_enrichment", "reconciled": ["stuck2"]}, "hypothesisId": "H1", "runId": "pre-fix"}
{"sessionId": "a86d8d", "timestamp": 1780337128139, "location": "features/enrichment.py:assert_no_running_job", "message": "running job gate check", "data": {"reconciled": ["stuck2"], "blocking": null, "active_in_memory": false}, "hypothesisId": "H1-H3", "runId": "pre-fix"}
{"sessionId": "a86d8d", "timestamp": 1780337146181, "location": "reccobeats/client.py:_request", "message": "reccobeats http response", "data": {"method": "GET", "path": "/v1/audio-features", "status": 200, "id_count": 2, "attempt": 0}, "hypothesisId": "H-batch", "runId": "pre-fix"}
{"sessionId": "a86d8d", "timestamp": 1780337146207, "location": "reccobeats/client.py:_request", "message": "reccobeats http response", "data": {"method": "GET", "path": "/v1/track", "status": 200, "id_count": 1, "attempt": 0}, "hypothesisId": "H-batch", "runId": "pre-fix"}
{"sessionId": "a86d8d", "timestamp": 1780337146213, "location": "reccobeats/client.py:_request", "message": "reccobeats http response", "data": {"method": "GET", "path": "/v1/track/878dadea-33c5-4c08-bdb9-e2b117475a99/audio-features", "status": 200, "id_count": 0, "attempt": 0}, "hypothesisId": "H-batch", "runId": "pre-fix"}
{"sessionId": "a86d8d", "timestamp": 1780337146221, "location": "reccobeats/client.py:_request", "message": "reccobeats http response", "data": {"method": "GET", "path": "/v1/track", "status": 404, "id_count": 1, "attempt": 0}, "hypothesisId": "H-batch", "runId": "pre-fix"}
{"sessionId": "a86d8d", "timestamp": 1780337146228, "location": "reccobeats/client.py:_request", "message": "reccobeats http response", "data": {"method": "GET", "path": "/v1/track/unknown-id/audio-features", "status": 404, "id_count": 0, "attempt": 0}, "hypothesisId": "H-batch", "runId": "pre-fix"}
{"sessionId": "a86d8d", "timestamp": 1780337146235, "location": "reccobeats/client.py:_request", "message": "reccobeats http response", "data": {"method": "GET", "path": "/v1/track", "status": 200, "id_count": 1, "attempt": 1}, "hypothesisId": "H-batch", "runId": "pre-fix"}
{"sessionId": "a86d8d", "timestamp": 1780337146239, "location": "reccobeats/client.py:_request", "message": "reccobeats http response", "data": {"method": "GET", "path": "/v1/track/878dadea-33c5-4c08-bdb9-e2b117475a99/audio-features", "status": 200, "id_count": 0, "attempt": 0}, "hypothesisId": "H-batch", "runId": "pre-fix"}
{"sessionId": "a86d8d", "timestamp": 1780337146254, "location": "reccobeats/client.py:_request", "message": "reccobeats http response", "data": {"method": "GET", "path": "/v1/track", "status": 200, "id_count": 1, "attempt": 0}, "hypothesisId": "H-batch", "runId": "pre-fix"}
{"sessionId": "a86d8d", "timestamp": 1780337146262, "location": "reccobeats/client.py:_request", "message": "reccobeats http response", "data": {"method": "GET", "path": "/v1/audio-features", "status": 200, "id_count": 2, "attempt": 0}, "hypothesisId": "H-batch", "runId": "pre-fix"}
{"sessionId": "a86d8d", "timestamp": 1780337146275, "location": "reccobeats/client.py:_request", "message": "reccobeats http response", "data": {"method": "GET", "path": "/v1/audio-features", "status": 200, "id_count": 1, "attempt": 1}, "hypothesisId": "H-batch", "runId": "pre-fix"}
{"sessionId": "a86d8d", "timestamp": 1780337146695, "location": "jobs/service.py:reconcile_orphaned_jobs", "message": "orphan job reconciliation", "data": {"job_type": "reccobeats_enrichment", "reconciled": []}, "hypothesisId": "H1", "runId": "pre-fix"}
{"sessionId": "a86d8d", "timestamp": 1780337146703, "location": "features/enrichment.py:assert_no_running_job", "message": "running job gate check", "data": {"reconciled": [], "blocking": null, "active_in_memory": false}, "hypothesisId": "H1-H3", "runId": "pre-fix"}
{"sessionId": "a86d8d", "timestamp": 1780337146740, "location": "features/enrichment.py:run_enrichment", "message": "enrichment http batch config", "data": {"job_id": "a9b557727c824d618e325f489c2791bc", "http_chunk_size": 40, "work_count": 1, "pause_every_n_tracks": 50}, "hypothesisId": "H-batch", "runId": "pre-fix"}
{"sessionId": "a86d8d", "timestamp": 1780337146744, "location": "features/enrichment.py:batch_chunk", "message": "processing http chunk", "data": {"job_id": "a9b557727c824d618e325f489c2791bc", "chunk_size": 1}, "hypothesisId": "H-batch", "runId": "pre-fix"}
{"sessionId": "a86d8d", "timestamp": 1780337146750, "location": "reccobeats/client.py:_request", "message": "reccobeats http response", "data": {"method": "GET", "path": "/v1/audio-features", "status": 200, "id_count": 1, "attempt": 0}, "hypothesisId": "H-batch", "runId": "pre-fix"}
{"sessionId": "a86d8d", "timestamp": 1780337147203, "location": "features/enrichment.py:run_enrichment", "message": "enrichment http batch config", "data": {"job_id": "1190e7c1ccb643e584b4ed5a3b94b7c2", "http_chunk_size": 40, "work_count": 1, "pause_every_n_tracks": 50}, "hypothesisId": "H-batch", "runId": "pre-fix"}
{"sessionId": "a86d8d", "timestamp": 1780337147207, "location": "features/enrichment.py:batch_chunk", "message": "processing http chunk", "data": {"job_id": "1190e7c1ccb643e584b4ed5a3b94b7c2", "chunk_size": 1}, "hypothesisId": "H-batch", "runId": "pre-fix"}
{"sessionId": "a86d8d", "timestamp": 1780337147219, "location": "reccobeats/client.py:_request", "message": "reccobeats http response", "data": {"method": "GET", "path": "/v1/audio-features", "status": 200, "id_count": 1, "attempt": 0}, "hypothesisId": "H-batch", "runId": "pre-fix"}
{"sessionId": "a86d8d", "timestamp": 1780337147255, "location": "features/enrichment.py:run_enrichment", "message": "enrichment http batch config", "data": {"job_id": "fc95ed12d3e243858f9dab11a9b92903", "http_chunk_size": 40, "work_count": 1, "pause_every_n_tracks": 50}, "hypothesisId": "H-batch", "runId": "pre-fix"}
{"sessionId": "a86d8d", "timestamp": 1780337147258, "location": "features/enrichment.py:batch_chunk", "message": "processing http chunk", "data": {"job_id": "fc95ed12d3e243858f9dab11a9b92903", "chunk_size": 1}, "hypothesisId": "H-batch", "runId": "pre-fix"}
{"sessionId": "a86d8d", "timestamp": 1780337147264, "location": "reccobeats/client.py:_request", "message": "reccobeats http response", "data": {"method": "GET", "path": "/v1/audio-features", "status": 200, "id_count": 1, "attempt": 0}, "hypothesisId": "H-batch", "runId": "pre-fix"}
{"sessionId": "a86d8d", "timestamp": 1780337147786, "location": "features/enrichment.py:run_enrichment", "message": "enrichment http batch config", "data": {"job_id": "2930c0a799f04fe6a0a0153c910e9285", "http_chunk_size": 40, "work_count": 1, "pause_every_n_tracks": 50}, "hypothesisId": "H-batch", "runId": "pre-fix"}
{"sessionId": "a86d8d", "timestamp": 1780337147790, "location": "features/enrichment.py:batch_chunk", "message": "processing http chunk", "data": {"job_id": "2930c0a799f04fe6a0a0153c910e9285", "chunk_size": 1}, "hypothesisId": "H-batch", "runId": "pre-fix"}
{"sessionId": "a86d8d", "timestamp": 1780337147799, "location": "reccobeats/client.py:_request", "message": "reccobeats http response", "data": {"method": "GET", "path": "/v1/audio-features", "status": 200, "id_count": 1, "attempt": 0}, "hypothesisId": "H-batch", "runId": "pre-fix"}
{"sessionId": "a86d8d", "timestamp": 1780337147847, "location": "features/enrichment.py:run_enrichment", "message": "enrichment http batch config", "data": {"job_id": "0f4e894f7e5840e49d608acdfce45912", "http_chunk_size": 40, "work_count": 1, "pause_every_n_tracks": 50}, "hypothesisId": "H-batch", "runId": "pre-fix"}
{"sessionId": "a86d8d", "timestamp": 1780337147852, "location": "features/enrichment.py:batch_chunk", "message": "processing http chunk", "data": {"job_id": "0f4e894f7e5840e49d608acdfce45912", "chunk_size": 1}, "hypothesisId": "H-batch", "runId": "pre-fix"}
{"sessionId": "a86d8d", "timestamp": 1780337147857, "location": "reccobeats/client.py:_request", "message": "reccobeats http response", "data": {"method": "GET", "path": "/v1/audio-features", "status": 200, "id_count": 1, "attempt": 0}, "hypothesisId": "H-batch", "runId": "pre-fix"}
{"sessionId": "a86d8d", "timestamp": 1780337148334, "location": "features/enrichment.py:run_enrichment", "message": "enrichment http batch config", "data": {"job_id": "2c82974905934ae38a0c350a599c758c", "http_chunk_size": 40, "work_count": 1, "pause_every_n_tracks": 50}, "hypothesisId": "H-batch", "runId": "pre-fix"}
{"sessionId": "a86d8d", "timestamp": 1780337148337, "location": "features/enrichment.py:batch_chunk", "message": "processing http chunk", "data": {"job_id": "2c82974905934ae38a0c350a599c758c", "chunk_size": 1}, "hypothesisId": "H-batch", "runId": "pre-fix"}
{"sessionId": "a86d8d", "timestamp": 1780337148341, "location": "reccobeats/client.py:_request", "message": "reccobeats http response", "data": {"method": "GET", "path": "/v1/audio-features", "status": 200, "id_count": 1, "attempt": 0}, "hypothesisId": "H-batch", "runId": "pre-fix"}
{"sessionId": "a86d8d", "timestamp": 1780337149074, "location": "jobs/service.py:reconcile_orphaned_jobs", "message": "orphan job reconciliation", "data": {"job_type": "reccobeats_enrichment", "reconciled": []}, "hypothesisId": "H1", "runId": "pre-fix"}
{"sessionId": "a86d8d", "timestamp": 1780337149082, "location": "features/enrichment.py:assert_no_running_job", "message": "running job gate check", "data": {"reconciled": [], "blocking": null, "active_in_memory": false}, "hypothesisId": "H1-H3", "runId": "pre-fix"}
{"sessionId": "a86d8d", "timestamp": 1780337149819, "location": "jobs/service.py:reconcile_orphaned_jobs", "message": "orphan job reconciliation", "data": {"job_type": "reccobeats_enrichment", "reconciled": []}, "hypothesisId": "H1", "runId": "pre-fix"}
{"sessionId": "a86d8d", "timestamp": 1780337149825, "location": "features/enrichment.py:assert_no_running_job", "message": "running job gate check", "data": {"reconciled": [], "blocking": {"job_id": "running123", "status": "running", "started_at": "None", "progress_current": 0}, "active_in_memory": true}, "hypothesisId": "H1-H3", "runId": "pre-fix"}
